Analysis & Synthesis report for contador
Tue Apr 11 12:15:50 2023
Quartus II 64-Bit Version 13.1.0 Build 162 10/23/2013 SJ Web Edition


---------------------
; Table of Contents ;
---------------------
  1. Legal Notice
  2. Analysis & Synthesis Summary
  3. Analysis & Synthesis Settings
  4. Parallel Compilation
  5. Analysis & Synthesis Source Files Read
  6. Analysis & Synthesis Resource Usage Summary
  7. Analysis & Synthesis Resource Utilization by Entity
  8. General Register Statistics
  9. Elapsed Time Per Partition
 10. Analysis & Synthesis Messages



----------------
; Legal Notice ;
----------------
Copyright (C) 1991-2013 Altera Corporation
Your use of Altera Corporation's design tools, logic functions 
and other software and tools, and its AMPP partner logic 
functions, and any output files from any of the foregoing 
(including device programming or simulation files), and any 
associated documentation or information are expressly subject 
to the terms and conditions of the Altera Program License 
Subscription Agreement, Altera MegaCore Function License 
Agreement, or other applicable license agreement, including, 
without limitation, that your use is for the sole purpose of 
programming logic devices manufactured by Altera and sold by 
Altera or its authorized distributors.  Please refer to the 
applicable agreement for further details.



+---------------------------------------------------------------------------------+
; Analysis & Synthesis Summary                                                    ;
+------------------------------------+--------------------------------------------+
; Analysis & Synthesis Status        ; Successful - Tue Apr 11 12:15:50 2023      ;
; Quartus II 64-Bit Version          ; 13.1.0 Build 162 10/23/2013 SJ Web Edition ;
; Revision Name                      ; contador                                   ;
; Top-level Entity Name              ; trabalho_final                             ;
; Family                             ; Cyclone III                                ;
; Total logic elements               ; 62                                         ;
;     Total combinational functions  ; 62                                         ;
;     Dedicated logic registers      ; 34                                         ;
; Total registers                    ; 34                                         ;
; Total pins                         ; 27                                         ;
; Total virtual pins                 ; 0                                          ;
; Total memory bits                  ; 0                                          ;
; Embedded Multiplier 9-bit elements ; 0                                          ;
; Total PLLs                         ; 0                                          ;
+------------------------------------+--------------------------------------------+


+----------------------------------------------------------------------------------------------------------------------+
; Analysis & Synthesis Settings                                                                                        ;
+----------------------------------------------------------------------------+--------------------+--------------------+
; Option                                                                     ; Setting            ; Default Value      ;
+----------------------------------------------------------------------------+--------------------+--------------------+
; Device                                                                     ; EP3C16F484C6       ;                    ;
; Top-level entity name                                                      ; trabalho_final     ; contador           ;
; Family name                                                                ; Cyclone III        ; Cyclone IV GX      ;
; Use smart compilation                                                      ; Off                ; Off                ;
; Enable parallel Assembler and TimeQuest Timing Analyzer during compilation ; On                 ; On                 ;
; Enable compact report table                                                ; Off                ; Off                ;
; Restructure Multiplexers                                                   ; Auto               ; Auto               ;
; Create Debugging Nodes for IP Cores                                        ; Off                ; Off                ;
; Preserve fewer node names                                                  ; On                 ; On                 ;
; Disable OpenCore Plus hardware evaluation                                  ; Off                ; Off                ;
; Verilog Version                                                            ; Verilog_2001       ; Verilog_2001       ;
; VHDL Version                                                               ; VHDL_1993          ; VHDL_1993          ;
; State Machine Processing                                                   ; Auto               ; Auto               ;
; Safe State Machine                                                         ; Off                ; Off                ;
; Extract Verilog State Machines                                             ; On                 ; On                 ;
; Extract VHDL State Machines                                                ; On                 ; On                 ;
; Ignore Verilog initial constructs                                          ; Off                ; Off                ;
; Iteration limit for constant Verilog loops                                 ; 5000               ; 5000               ;
; Iteration limit for non-constant Verilog loops                             ; 250                ; 250                ;
; Add Pass-Through Logic to Inferred RAMs                                    ; On                 ; On                 ;
; Infer RAMs from Raw Logic                                                  ; On                 ; On                 ;
; Parallel Synthesis                                                         ; On                 ; On                 ;
; DSP Block Balancing                                                        ; Auto               ; Auto               ;
; NOT Gate Push-Back                                                         ; On                 ; On                 ;
; Power-Up Don't Care                                                        ; On                 ; On                 ;
; Remove Redundant Logic Cells                                               ; Off                ; Off                ;
; Remove Duplicate Registers                                                 ; On                 ; On                 ;
; Ignore CARRY Buffers                                                       ; Off                ; Off                ;
; Ignore CASCADE Buffers                                                     ; Off                ; Off                ;
; Ignore GLOBAL Buffers                                                      ; Off                ; Off                ;
; Ignore ROW GLOBAL Buffers                                                  ; Off                ; Off                ;
; Ignore LCELL Buffers                                                       ; Off                ; Off                ;
; Ignore SOFT Buffers                                                        ; On                 ; On                 ;
; Limit AHDL Integers to 32 Bits                                             ; Off                ; Off                ;
; Optimization Technique                                                     ; Balanced           ; Balanced           ;
; Carry Chain Length                                                         ; 70                 ; 70                 ;
; Auto Carry Chains                                                          ; On                 ; On                 ;
; Auto Open-Drain Pins                                                       ; On                 ; On                 ;
; Perform WYSIWYG Primitive Resynthesis                                      ; Off                ; Off                ;
; Auto ROM Replacement                                                       ; On                 ; On                 ;
; Auto RAM Replacement                                                       ; On                 ; On                 ;
; Auto DSP Block Replacement                                                 ; On                 ; On                 ;
; Auto Shift Register Replacement                                            ; Auto               ; Auto               ;
; Allow Shift Register Merging across Hierarchies                            ; Auto               ; Auto               ;
; Auto Clock Enable Replacement                                              ; On                 ; On                 ;
; Strict RAM Replacement                                                     ; Off                ; Off                ;
; Allow Synchronous Control Signals                                          ; On                 ; On                 ;
; Force Use of Synchronous Clear Signals                                     ; Off                ; Off                ;
; Auto RAM Block Balancing                                                   ; On                 ; On                 ;
; Auto RAM to Logic Cell Conversion                                          ; Off                ; Off                ;
; Auto Resource Sharing                                                      ; Off                ; Off                ;
; Allow Any RAM Size For Recognition                                         ; Off                ; Off                ;
; Allow Any ROM Size For Recognition                                         ; Off                ; Off                ;
; Allow Any Shift Register Size For Recognition                              ; Off                ; Off                ;
; Use LogicLock Constraints during Resource Balancing                        ; On                 ; On                 ;
; Ignore translate_off and synthesis_off directives                          ; Off                ; Off                ;
; Timing-Driven Synthesis                                                    ; On                 ; On                 ;
; Report Parameter Settings                                                  ; On                 ; On                 ;
; Report Source Assignments                                                  ; On                 ; On                 ;
; Report Connectivity Checks                                                 ; On                 ; On                 ;
; Ignore Maximum Fan-Out Assignments                                         ; Off                ; Off                ;
; Synchronization Register Chain Length                                      ; 2                  ; 2                  ;
; PowerPlay Power Optimization                                               ; Normal compilation ; Normal compilation ;
; HDL message level                                                          ; Level2             ; Level2             ;
; Suppress Register Optimization Related Messages                            ; Off                ; Off                ;
; Number of Removed Registers Reported in Synthesis Report                   ; 5000               ; 5000               ;
; Number of Swept Nodes Reported in Synthesis Report                         ; 5000               ; 5000               ;
; Number of Inverted Registers Reported in Synthesis Report                  ; 100                ; 100                ;
; Clock MUX Protection                                                       ; On                 ; On                 ;
; Auto Gated Clock Conversion                                                ; Off                ; Off                ;
; Block Design Naming                                                        ; Auto               ; Auto               ;
; SDC constraint protection                                                  ; Off                ; Off                ;
; Synthesis Effort                                                           ; Auto               ; Auto               ;
; Shift Register Replacement - Allow Asynchronous Clear Signal               ; On                 ; On                 ;
; Pre-Mapping Resynthesis Optimization                                       ; Off                ; Off                ;
; Analysis & Synthesis Message Level                                         ; Medium             ; Medium             ;
; Disable Register Merging Across Hierarchies                                ; Auto               ; Auto               ;
; Resource Aware Inference For Block RAM                                     ; On                 ; On                 ;
; Synthesis Seed                                                             ; 1                  ; 1                  ;
+----------------------------------------------------------------------------+--------------------+--------------------+


Parallel compilation was disabled, but you have multiple processors available. Enable parallel compilation to reduce compilation time.
+-------------------------------------+
; Parallel Compilation                ;
+----------------------------+--------+
; Processors                 ; Number ;
+----------------------------+--------+
; Number detected on machine ; 4      ;
; Maximum allowed            ; 1      ;
+----------------------------+--------+


+-----------------------------------------------------------------------------------------------------------------------------------------------------------------------------------------------------+
; Analysis & Synthesis Source Files Read                                                                                                                                                              ;
+----------------------------------+-----------------+------------------------------------------+-------------------------------------------------------------------------------------------+---------+
; File Name with User-Entered Path ; Used in Netlist ; File Type                                ; File Name with Absolute Path                                                              ; Library ;
+----------------------------------+-----------------+------------------------------------------+-------------------------------------------------------------------------------------------+---------+
; contador_top.bdf                 ; yes             ; User Block Diagram/Schematic File        ; C:/Users/aluno/Downloads/trabalho_final_cd-main/trabalho_final_cd-main/contador_top.bdf   ;         ;
; trabalho_final.bdf               ; yes             ; User Block Diagram/Schematic File        ; C:/Users/aluno/Downloads/trabalho_final_cd-main/trabalho_final_cd-main/trabalho_final.bdf ;         ;
; clock_divisor.bdf                ; yes             ; User Block Diagram/Schematic File        ; C:/Users/aluno/Downloads/trabalho_final_cd-main/trabalho_final_cd-main/clock_divisor.bdf  ;         ;
; freqdiv.bdf                      ; yes             ; Megafunction                             ; c:/altera/13.1/quartus/libraries/others/maxplus2/freqdiv.bdf                              ;         ;
; lab05.bdf                        ; yes             ; Auto-Found Block Diagram/Schematic File  ; C:/Users/aluno/Downloads/trabalho_final_cd-main/trabalho_final_cd-main/lab05.bdf          ;         ;
; funca.bdf                        ; yes             ; Auto-Found Block Diagram/Schematic File  ; C:/Users/aluno/Downloads/trabalho_final_cd-main/trabalho_final_cd-main/funca.bdf          ;         ;
; funcb.bdf                        ; yes             ; Auto-Found Block Diagram/Schematic File  ; C:/Users/aluno/Downloads/trabalho_final_cd-main/trabalho_final_cd-main/funcb.bdf          ;         ;
; funcc.bdf                        ; yes             ; Auto-Found Block Diagram/Schematic File  ; C:/Users/aluno/Downloads/trabalho_final_cd-main/trabalho_final_cd-main/funcc.bdf          ;         ;
; funcd.bdf                        ; yes             ; Auto-Found Block Diagram/Schematic File  ; C:/Users/aluno/Downloads/trabalho_final_cd-main/trabalho_final_cd-main/funcd.bdf          ;         ;
; funce.bdf                        ; yes             ; Auto-Found Block Diagram/Schematic File  ; C:/Users/aluno/Downloads/trabalho_final_cd-main/trabalho_final_cd-main/funce.bdf          ;         ;
; funcf.bdf                        ; yes             ; Auto-Found Block Diagram/Schematic File  ; C:/Users/aluno/Downloads/trabalho_final_cd-main/trabalho_final_cd-main/funcf.bdf          ;         ;
; funcg.bdf                        ; yes             ; Auto-Found Block Diagram/Schematic File  ; C:/Users/aluno/Downloads/trabalho_final_cd-main/trabalho_final_cd-main/funcg.bdf          ;         ;
+----------------------------------+-----------------+------------------------------------------+-------------------------------------------------------------------------------------------+---------+


+-----------------------------------------------------------------------+
; Analysis & Synthesis Resource Usage Summary                           ;
+---------------------------------------------+-------------------------+
; Resource                                    ; Usage                   ;
+---------------------------------------------+-------------------------+
; Estimated Total logic elements              ; 62                      ;
;                                             ;                         ;
; Total combinational functions               ; 62                      ;
; Logic element usage by number of LUT inputs ;                         ;
;     -- 4 input functions                    ; 36                      ;
;     -- 3 input functions                    ; 8                       ;
;     -- <=2 input functions                  ; 18                      ;
;                                             ;                         ;
; Logic elements by mode                      ;                         ;
;     -- normal mode                          ; 62                      ;
;     -- arithmetic mode                      ; 0                       ;
;                                             ;                         ;
; Total registers                             ; 34                      ;
;     -- Dedicated logic registers            ; 34                      ;
;     -- I/O registers                        ; 0                       ;
;                                             ;                         ;
; I/O pins                                    ; 27                      ;
; Embedded Multiplier 9-bit elements          ; 0                       ;
; Maximum fan-out node                        ; contador_top:inst|inst6 ;
; Maximum fan-out                             ; 12                      ;
; Total fan-out                               ; 316                     ;
; Average fan-out                             ; 2.11                    ;
+---------------------------------------------+-------------------------+


+-----------------------------------------------------------------------------------------------------------------------------------------------------------------------------------------------------------+
; Analysis & Synthesis Resource Utilization by Entity                                                                                                                                                       ;
+----------------------------+-------------------+--------------+-------------+--------------+---------+-----------+------+--------------+---------------------------------------------------+--------------+
; Compilation Hierarchy Node ; LC Combinationals ; LC Registers ; Memory Bits ; DSP Elements ; DSP 9x9 ; DSP 18x18 ; Pins ; Virtual Pins ; Full Hierarchy Name                               ; Library Name ;
+----------------------------+-------------------+--------------+-------------+--------------+---------+-----------+------+--------------+---------------------------------------------------+--------------+
; |trabalho_final            ; 62 (0)            ; 34 (0)       ; 0           ; 0            ; 0       ; 0         ; 27   ; 0            ; |trabalho_final                                   ; work         ;
;    |clock_divisor:inst1|   ; 26 (0)            ; 26 (0)       ; 0           ; 0            ; 0       ; 0         ; 0    ; 0            ; |trabalho_final|clock_divisor:inst1               ; work         ;
;       |freqdiv:inst1|      ; 4 (4)             ; 4 (4)        ; 0           ; 0            ; 0       ; 0         ; 0    ; 0            ; |trabalho_final|clock_divisor:inst1|freqdiv:inst1 ; work         ;
;       |freqdiv:inst2|      ; 4 (4)             ; 4 (4)        ; 0           ; 0            ; 0       ; 0         ; 0    ; 0            ; |trabalho_final|clock_divisor:inst1|freqdiv:inst2 ; work         ;
;       |freqdiv:inst3|      ; 4 (4)             ; 4 (4)        ; 0           ; 0            ; 0       ; 0         ; 0    ; 0            ; |trabalho_final|clock_divisor:inst1|freqdiv:inst3 ; work         ;
;       |freqdiv:inst4|      ; 2 (2)             ; 2 (2)        ; 0           ; 0            ; 0       ; 0         ; 0    ; 0            ; |trabalho_final|clock_divisor:inst1|freqdiv:inst4 ; work         ;
;       |freqdiv:inst5|      ; 4 (4)             ; 4 (4)        ; 0           ; 0            ; 0       ; 0         ; 0    ; 0            ; |trabalho_final|clock_divisor:inst1|freqdiv:inst5 ; work         ;
;       |freqdiv:inst6|      ; 4 (4)             ; 4 (4)        ; 0           ; 0            ; 0       ; 0         ; 0    ; 0            ; |trabalho_final|clock_divisor:inst1|freqdiv:inst6 ; work         ;
;       |freqdiv:inst|       ; 4 (4)             ; 4 (4)        ; 0           ; 0            ; 0       ; 0         ; 0    ; 0            ; |trabalho_final|clock_divisor:inst1|freqdiv:inst  ; work         ;
;    |contador_top:inst|     ; 22 (22)           ; 8 (8)        ; 0           ; 0            ; 0       ; 0         ; 0    ; 0            ; |trabalho_final|contador_top:inst                 ; work         ;
;    |lab05:inst2|           ; 7 (0)             ; 0 (0)        ; 0           ; 0            ; 0       ; 0         ; 0    ; 0            ; |trabalho_final|lab05:inst2                       ; work         ;
;       |FuncA:inst|         ; 1 (1)             ; 0 (0)        ; 0           ; 0            ; 0       ; 0         ; 0    ; 0            ; |trabalho_final|lab05:inst2|FuncA:inst            ; work         ;
;       |FuncB:inst4|        ; 1 (1)             ; 0 (0)        ; 0           ; 0            ; 0       ; 0         ; 0    ; 0            ; |trabalho_final|lab05:inst2|FuncB:inst4           ; work         ;
;       |FuncC:inst5|        ; 1 (1)             ; 0 (0)        ; 0           ; 0            ; 0       ; 0         ; 0    ; 0            ; |trabalho_final|lab05:inst2|FuncC:inst5           ; work         ;
;       |FuncD:inst6|        ; 1 (1)             ; 0 (0)        ; 0           ; 0            ; 0       ; 0         ; 0    ; 0            ; |trabalho_final|lab05:inst2|FuncD:inst6           ; work         ;
;       |FuncE:inst7|        ; 1 (1)             ; 0 (0)        ; 0           ; 0            ; 0       ; 0         ; 0    ; 0            ; |trabalho_final|lab05:inst2|FuncE:inst7           ; work         ;
;       |FuncF:inst10|       ; 1 (1)             ; 0 (0)        ; 0           ; 0            ; 0       ; 0         ; 0    ; 0            ; |trabalho_final|lab05:inst2|FuncF:inst10          ; work         ;
;       |FuncG:inst12|       ; 1 (1)             ; 0 (0)        ; 0           ; 0            ; 0       ; 0         ; 0    ; 0            ; |trabalho_final|lab05:inst2|FuncG:inst12          ; work         ;
;    |lab05:inst3|           ; 7 (0)             ; 0 (0)        ; 0           ; 0            ; 0       ; 0         ; 0    ; 0            ; |trabalho_final|lab05:inst3                       ; work         ;
;       |FuncA:inst|         ; 1 (1)             ; 0 (0)        ; 0           ; 0            ; 0       ; 0         ; 0    ; 0            ; |trabalho_final|lab05:inst3|FuncA:inst            ; work         ;
;       |FuncB:inst4|        ; 1 (1)             ; 0 (0)        ; 0           ; 0            ; 0       ; 0         ; 0    ; 0            ; |trabalho_final|lab05:inst3|FuncB:inst4           ; work         ;
;       |FuncC:inst5|        ; 1 (1)             ; 0 (0)        ; 0           ; 0            ; 0       ; 0         ; 0    ; 0            ; |trabalho_final|lab05:inst3|FuncC:inst5           ; work         ;
;       |FuncD:inst6|        ; 1 (1)             ; 0 (0)        ; 0           ; 0            ; 0       ; 0         ; 0    ; 0            ; |trabalho_final|lab05:inst3|FuncD:inst6           ; work         ;
;       |FuncE:inst7|        ; 1 (1)             ; 0 (0)        ; 0           ; 0            ; 0       ; 0         ; 0    ; 0            ; |trabalho_final|lab05:inst3|FuncE:inst7           ; work         ;
;       |FuncF:inst10|       ; 1 (1)             ; 0 (0)        ; 0           ; 0            ; 0       ; 0         ; 0    ; 0            ; |trabalho_final|lab05:inst3|FuncF:inst10          ; work         ;
;       |FuncG:inst12|       ; 1 (1)             ; 0 (0)        ; 0           ; 0            ; 0       ; 0         ; 0    ; 0            ; |trabalho_final|lab05:inst3|FuncG:inst12          ; work         ;
+----------------------------+-------------------+--------------+-------------+--------------+---------+-----------+------+--------------+---------------------------------------------------+--------------+
Note: For table entries with two numbers listed, the numbers in parentheses indicate the number of resources of the given type used by the specific entity alone. The numbers listed outside of parentheses indicate the total resources of the given type used by the specific entity and all of its sub-entities in the hierarchy.


+------------------------------------------------------+
; General Register Statistics                          ;
+----------------------------------------------+-------+
; Statistic                                    ; Value ;
+----------------------------------------------+-------+
; Total registers                              ; 34    ;
; Number of registers using Synchronous Clear  ; 0     ;
; Number of registers using Synchronous Load   ; 0     ;
; Number of registers using Asynchronous Clear ; 0     ;
; Number of registers using Asynchronous Load  ; 0     ;
; Number of registers using Clock Enable       ; 0     ;
; Number of registers using Preset             ; 0     ;
+----------------------------------------------+-------+


+-------------------------------+
; Elapsed Time Per Partition    ;
+----------------+--------------+
; Partition Name ; Elapsed Time ;
+----------------+--------------+
; Top            ; 00:00:00     ;
+----------------+--------------+


+-------------------------------+
; Analysis & Synthesis Messages ;
+-------------------------------+
Info: *******************************************************************
Info: Running Quartus II 64-Bit Analysis & Synthesis
    Info: Version 13.1.0 Build 162 10/23/2013 SJ Web Edition
    Info: Processing started: Tue Apr 11 12:15:48 2023
Info: Command: quartus_map --read_settings_files=on --write_settings_files=off contador -c contador
Warning (20028): Parallel compilation is not licensed and has been disabled
Info (12021): Found 1 design units, including 1 entities, in source file contador_top.bdf
    Info (12023): Found entity 1: contador_top
Info (12021): Found 1 design units, including 1 entities, in source file trabalho_final.bdf
    Info (12023): Found entity 1: trabalho_final
Info (12021): Found 1 design units, including 1 entities, in source file clock_divisor.bdf
    Info (12023): Found entity 1: clock_divisor
Info (12127): Elaborating entity "trabalho_final" for the top level hierarchy
Info (12128): Elaborating entity "contador_top" for hierarchy "contador_top:inst"
Warning (275011): Block or symbol "XOR" of instance "inst41" overlaps another block or symbol
Warning (275011): Block or symbol "XOR" of instance "inst42" overlaps another block or symbol
Info (12128): Elaborating entity "clock_divisor" for hierarchy "clock_divisor:inst1"
Info (12128): Elaborating entity "freqdiv" for hierarchy "clock_divisor:inst1|freqdiv:inst4"
Info (12130): Elaborated megafunction instantiation "clock_divisor:inst1|freqdiv:inst4"
Warning (12125): Using design file lab05.bdf, which is not specified as a design file for the current project, but contains definitions for 1 design units and 1 entities in project
    Info (12023): Found entity 1: lab05
Info (12128): Elaborating entity "lab05" for hierarchy "lab05:inst3"
Warning (275011): Block or symbol "FuncD" of instance "inst6" overlaps another block or symbol
Warning (275011): Block or symbol "FuncF" of instance "inst10" overlaps another block or symbol
Warning (12125): Using design file funca.bdf, which is not specified as a design file for the current project, but contains definitions for 1 design units and 1 entities in project
    Info (12023): Found entity 1: FuncA
Info (12128): Elaborating entity "FuncA" for hierarchy "lab05:inst3|FuncA:inst"
Warning (12125): Using design file funcb.bdf, which is not specified as a design file for the current project, but contains definitions for 1 design units and 1 entities in project
    Info (12023): Found entity 1: FuncB
Info (12128): Elaborating entity "FuncB" for hierarchy "lab05:inst3|FuncB:inst4"
Warning (12125): Using design file funcc.bdf, which is not specified as a design file for the current project, but contains definitions for 1 design units and 1 entities in project
    Info (12023): Found entity 1: FuncC
Info (12128): Elaborating entity "FuncC" for hierarchy "lab05:inst3|FuncC:inst5"
Warning (12125): Using design file funcd.bdf, which is not specified as a design file for the current project, but contains definitions for 1 design units and 1 entities in project
    Info (12023): Found entity 1: FuncD
Info (12128): Elaborating entity "FuncD" for hierarchy "lab05:inst3|FuncD:inst6"
Warning (12125): Using design file funce.bdf, which is not specified as a design file for the current project, but contains definitions for 1 design units and 1 entities in project
    Info (12023): Found entity 1: FuncE
Info (12128): Elaborating entity "FuncE" for hierarchy "lab05:inst3|FuncE:inst7"
Warning (12125): Using design file funcf.bdf, which is not specified as a design file for the current project, but contains definitions for 1 design units and 1 entities in project
    Info (12023): Found entity 1: FuncF
Info (12128): Elaborating entity "FuncF" for hierarchy "lab05:inst3|FuncF:inst10"
Warning (12125): Using design file funcg.bdf, which is not specified as a design file for the current project, but contains definitions for 1 design units and 1 entities in project
    Info (12023): Found entity 1: FuncG
Info (12128): Elaborating entity "FuncG" for hierarchy "lab05:inst3|FuncG:inst12"
Warning (13024): Output pins are stuck at VCC or GND
    Warning (13410): Pin "Carry" is stuck at GND
Info (286030): Timing-Driven Synthesis is running
Info (16010): Generating hard_block partition "hard_block:auto_generated_inst"
    Info (16011): Adding 0 node(s), including 0 DDIO, 0 PLL, 0 transceiver and 0 LCELL
Info (21057): Implemented 89 device resources after synthesis - the final resource count might be different
    Info (21058): Implemented 2 input pins
    Info (21059): Implemented 25 output pins
    Info (21061): Implemented 62 logic cells
Info: Quartus II 64-Bit Analysis & Synthesis was successful. 0 errors, 15 warnings
    Info: Peak virtual memory: 470 megabytes
    Info: Processing ended: Tue Apr 11 12:15:50 2023
    Info: Elapsed time: 00:00:02
    Info: Total CPU time (on all processors): 00:00:02


