Flow report for contador
Mon Apr 03 17:35:58 2023
Quartus II 64-Bit Version 13.1.0 Build 162 10/23/2013 SJ Web Edition


---------------------
; Table of Contents ;
---------------------
  1. Legal Notice
  2. Flow Summary
  3. Flow Settings
  4. Flow Non-Default Global Settings
  5. Flow Elapsed Time
  6. Flow OS Summary
  7. Flow Log
  8. Flow Messages
  9. Flow Suppressed Messages



----------------
; Legal Notice ;
----------------
Copyright (C) 1991-2013 Altera Corporation
Your use of Altera Corporation's design tools, logic functions 
and other software and tools, and its AMPP partner logic 
functions, and any output files from any of the foregoing 
(including device programming or simulation files), and any 
associated documentation or information are expressly subject 
to the terms and conditions of the Altera Program License 
Subscription Agreement, Altera MegaCore Function License 
Agreement, or other applicable license agreement, including, 
without limitation, that your use is for the sole purpose of 
programming logic devices manufactured by Altera and sold by 
Altera or its authorized distributors.  Please refer to the 
applicable agreement for further details.



+---------------------------------------------------------------------------------+
; Flow Summary                                                                    ;
+------------------------------------+--------------------------------------------+
; Flow Status                        ; Successful - Mon Apr 03 17:35:58 2023      ;
; Quartus II 64-Bit Version          ; 13.1.0 Build 162 10/23/2013 SJ Web Edition ;
; Revision Name                      ; contador                                   ;
; Top-level Entity Name              ; contador_top                               ;
; Family                             ; Cyclone III                                ;
; Device                             ; EP3C16F484C6                               ;
; Timing Models                      ; Final                                      ;
; Total logic elements               ; 17 / 15,408 ( < 1 % )                      ;
;     Total combinational functions  ; 17 / 15,408 ( < 1 % )                      ;
;     Dedicated logic registers      ; 8 / 15,408 ( < 1 % )                       ;
; Total registers                    ; 8                                          ;
; Total pins                         ; 11 / 347 ( 3 % )                           ;
; Total virtual pins                 ; 0                                          ;
; Total memory bits                  ; 0 / 516,096 ( 0 % )                        ;
; Embedded Multiplier 9-bit elements ; 0 / 112 ( 0 % )                            ;
; Total PLLs                         ; 0 / 4 ( 0 % )                              ;
+------------------------------------+--------------------------------------------+


+-----------------------------------------+
; Flow Settings                           ;
+-------------------+---------------------+
; Option            ; Setting             ;
+-------------------+---------------------+
; Start date & time ; 04/03/2023 17:32:48 ;
; Main task         ; Compilation         ;
; Revision Name     ; contador            ;
+-------------------+---------------------+


+------------------------------------------------------------------------------------------------------------------------------------------------------------------------------------------------------------+
; Flow Non-Default Global Settings                                                                                                                                                                           ;
+-------------------------------------+----------------------------------------------------------------------------------------------------------------------+---------------+--------------+----------------+
; Assignment Name                     ; Value                                                                                                                ; Default Value ; Entity Name  ; Section Id     ;
+-------------------------------------+----------------------------------------------------------------------------------------------------------------------+---------------+--------------+----------------+
; COMPILER_SIGNATURE_ID               ; 9413555157721.168055396861224                                                                                        ; --            ; --           ; --             ;
; EDA_GENERATE_FUNCTIONAL_NETLIST     ; On                                                                                                                   ; --            ; --           ; eda_simulation ;
; EDA_NETLIST_WRITER_OUTPUT_DIR       ; C:/Users/joaop/OneDrive/Documentos/faculdade/circuitos_digitais/trabalho_final_cd/trabalho_final_cd/simulation/qsim/ ; --            ; --           ; eda_simulation ;
; EDA_OUTPUT_DATA_FORMAT              ; Verilog Hdl                                                                                                          ; --            ; --           ; eda_simulation ;
; EDA_SIMULATION_TOOL                 ; ModelSim-Altera (Verilog)                                                                                            ; <None>        ; --           ; --             ;
; MAX_CORE_JUNCTION_TEMP              ; 85                                                                                                                   ; --            ; --           ; --             ;
; MIN_CORE_JUNCTION_TEMP              ; 0                                                                                                                    ; --            ; --           ; --             ;
; NOMINAL_CORE_SUPPLY_VOLTAGE         ; 1.2V                                                                                                                 ; --            ; --           ; --             ;
; PARTITION_COLOR                     ; 16764057                                                                                                             ; --            ; contador_top ; Top            ;
; PARTITION_FITTER_PRESERVATION_LEVEL ; PLACEMENT_AND_ROUTING                                                                                                ; --            ; contador_top ; Top            ;
; PARTITION_NETLIST_TYPE              ; SOURCE                                                                                                               ; --            ; contador_top ; Top            ;
; PROJECT_OUTPUT_DIRECTORY            ; output_files                                                                                                         ; --            ; --           ; --             ;
; TOP_LEVEL_ENTITY                    ; contador_top                                                                                                         ; contador      ; --           ; --             ;
+-------------------------------------+----------------------------------------------------------------------------------------------------------------------+---------------+--------------+----------------+


+-------------------------------------------------------------------------------------------------------------------------------+
; Flow Elapsed Time                                                                                                             ;
+---------------------------+--------------+-------------------------+---------------------+------------------------------------+
; Module Name               ; Elapsed Time ; Average Processors Used ; Peak Virtual Memory ; Total CPU Time (on all processors) ;
+---------------------------+--------------+-------------------------+---------------------+------------------------------------+
; Analysis & Synthesis      ; 00:00:03     ; 1.0                     ; 4609 MB             ; 00:00:01                           ;
; Fitter                    ; 00:00:07     ; 1.0                     ; 4963 MB             ; 00:00:03                           ;
; Assembler                 ; 00:00:02     ; 1.0                     ; 4577 MB             ; 00:00:01                           ;
; TimeQuest Timing Analyzer ; 00:00:03     ; 1.0                     ; 4620 MB             ; 00:00:01                           ;
; EDA Netlist Writer        ; 00:00:01     ; 1.0                     ; 4529 MB             ; 00:00:00                           ;
; EDA Netlist Writer        ; 00:00:01     ; 1.0                     ; 4540 MB             ; 00:00:00                           ;
; EDA Netlist Writer        ; 00:00:01     ; 1.0                     ; 4540 MB             ; 00:00:00                           ;
; EDA Netlist Writer        ; 00:00:01     ; 1.0                     ; 4540 MB             ; 00:00:00                           ;
; EDA Netlist Writer        ; 00:00:00     ; 1.0                     ; 4540 MB             ; 00:00:00                           ;
; EDA Netlist Writer        ; 00:00:01     ; 1.0                     ; 4540 MB             ; 00:00:00                           ;
; EDA Netlist Writer        ; 00:00:00     ; 1.0                     ; 4540 MB             ; 00:00:00                           ;
; Total                     ; 00:00:20     ; --                      ; --                  ; 00:00:06                           ;
+---------------------------+--------------+-------------------------+---------------------+------------------------------------+


+----------------------------------------------------------------------------------------+
; Flow OS Summary                                                                        ;
+---------------------------+------------------+-----------+------------+----------------+
; Module Name               ; Machine Hostname ; OS Name   ; OS Version ; Processor type ;
+---------------------------+------------------+-----------+------------+----------------+
; Analysis & Synthesis      ; jpcorso          ; Windows 7 ; 6.2        ; x86_64         ;
; Fitter                    ; jpcorso          ; Windows 7 ; 6.2        ; x86_64         ;
; Assembler                 ; jpcorso          ; Windows 7 ; 6.2        ; x86_64         ;
; TimeQuest Timing Analyzer ; jpcorso          ; Windows 7 ; 6.2        ; x86_64         ;
; EDA Netlist Writer        ; jpcorso          ; Windows 7 ; 6.2        ; x86_64         ;
; EDA Netlist Writer        ; jpcorso          ; Windows 7 ; 6.2        ; x86_64         ;
; EDA Netlist Writer        ; jpcorso          ; Windows 7 ; 6.2        ; x86_64         ;
; EDA Netlist Writer        ; jpcorso          ; Windows 7 ; 6.2        ; x86_64         ;
; EDA Netlist Writer        ; jpcorso          ; Windows 7 ; 6.2        ; x86_64         ;
; EDA Netlist Writer        ; jpcorso          ; Windows 7 ; 6.2        ; x86_64         ;
; EDA Netlist Writer        ; jpcorso          ; Windows 7 ; 6.2        ; x86_64         ;
+---------------------------+------------------+-----------+------------+----------------+


------------
; Flow Log ;
------------
quartus_map --read_settings_files=on --write_settings_files=off contador -c contador
quartus_fit --read_settings_files=off --write_settings_files=off contador -c contador
quartus_asm --read_settings_files=off --write_settings_files=off contador -c contador
quartus_sta contador -c contador
quartus_eda --read_settings_files=off --write_settings_files=off contador -c contador
quartus_eda --gen_testbench --check_outputs=on --tool=modelsim_oem --format=verilog contador -c contador --vector_source=C:/Users/joaop/OneDrive/Documentos/faculdade/circuitos_digitais/trabalho_final_cd/trabalho_final_cd/waveform_contador.vwf --testbench_file=C:/Users/joaop/OneDrive/Documentos/faculdade/circuitos_digitais/trabalho_final_cd/trabalho_final_cd/simulation/qsim/waveform_contador.vwf.vt
quartus_eda --functional=on --flatten_buses=off --simulation=on --tool=modelsim_oem --format=verilog --output_directory=C:/Users/joaop/OneDrive/Documentos/faculdade/circuitos_digitais/trabalho_final_cd/trabalho_final_cd/simulation/qsim/ contador -c contador
quartus_eda --gen_testbench --check_outputs=on --tool=modelsim_oem --format=verilog contador -c contador --vector_source=C:/Users/joaop/OneDrive/Documentos/faculdade/circuitos_digitais/trabalho_final_cd/trabalho_final_cd/waveform_contador.vwf --testbench_file=C:/Users/joaop/OneDrive/Documentos/faculdade/circuitos_digitais/trabalho_final_cd/trabalho_final_cd/simulation/qsim/waveform_contador.vwf.vt
quartus_eda --functional=on --flatten_buses=off --simulation=on --tool=modelsim_oem --format=verilog --output_directory=C:/Users/joaop/OneDrive/Documentos/faculdade/circuitos_digitais/trabalho_final_cd/trabalho_final_cd/simulation/qsim/ contador -c contador
quartus_eda --gen_testbench --check_outputs=on --tool=modelsim_oem --format=verilog contador -c contador --vector_source=C:/Users/joaop/OneDrive/Documentos/faculdade/circuitos_digitais/trabalho_final_cd/trabalho_final_cd/waveform_contador.vwf --testbench_file=C:/Users/joaop/OneDrive/Documentos/faculdade/circuitos_digitais/trabalho_final_cd/trabalho_final_cd/simulation/qsim/waveform_contador.vwf.vt
quartus_eda --functional=on --flatten_buses=off --simulation=on --tool=modelsim_oem --format=verilog --output_directory=C:/Users/joaop/OneDrive/Documentos/faculdade/circuitos_digitais/trabalho_final_cd/trabalho_final_cd/simulation/qsim/ contador -c contador



